Using pre-set license
Built from '2020.3/staging' branch; Version is '2020.3.6f1 (338bb68529b2) revision 3378102'; Using compiler version '192528614'; Build Type 'Release'
OS: 'Windows 10 Education; OS build 19041.1052; Version 2004; 64bit' Language: 'ko' Physical Memory: 7600 MB
BatchMode: 1, IsHumanControllingUs: 0, StartBugReporterOnCrash: 0, Is64bit: 1, IsPro: 0

 COMMAND LINE ARGUMENTS:
C:\Program Files\Unity\Hub\Editor\2020.3.6f1\Editor\Unity.exe
-adb2
-batchMode
-noUpm
-name
AssetImportWorker0
-projectPath
C:/Users/82102/Desktop/project1
-logFile
Logs/AssetImportWorker0.log
-srvPort
60344
Successfully changed project path to: C:/Users/82102/Desktop/project1
C:/Users/82102/Desktop/project1
Using Asset Import Pipeline V2.
Refreshing native plugins compatible for Editor in 21.31 ms, found 0 plugins.
Preloading 0 native plugins for Editor in 0.00 ms.
Initialize engine version: 2020.3.6f1 (338bb68529b2)
[Subsystems] Discovering subsystems at path C:/Program Files/Unity/Hub/Editor/2020.3.6f1/Editor/Data/Resources/UnitySubsystems
[Subsystems] Discovering subsystems at path C:/Users/82102/Desktop/project1/Assets
GfxDevice: creating device client; threaded=0
Direct3D:
    Version:  Direct3D 11.0 [level 11.1]
    Renderer: AMD Radeon(TM) Graphics (ID=0x1636)
    Vendor:   
    VRAM:     3800 MB
    Driver:   27.20.14544.6
Initialize mono
Mono path[0] = 'C:/Program Files/Unity/Hub/Editor/2020.3.6f1/Editor/Data/Managed'
Mono path[1] = 'C:/Program Files/Unity/Hub/Editor/2020.3.6f1/Editor/Data/MonoBleedingEdge/lib/mono/unityjit'
Mono config path = 'C:/Program Files/Unity/Hub/Editor/2020.3.6f1/Editor/Data/MonoBleedingEdge/etc'
Using monoOptions --debugger-agent=transport=dt_socket,embedding=1,server=y,suspend=n,address=127.0.0.1:56288
Begin MonoManager ReloadAssembly
Registering precompiled unity dll's ...
Register platform support module: C:/Program Files/Unity/Hub/Editor/2020.3.6f1/Editor/Data/PlaybackEngines/WindowsStandaloneSupport/UnityEditor.WindowsStandalone.Extensions.dll
Registered in 0.001935 seconds.
Native extension for WindowsStandalone target not found
Refreshing native plugins compatible for Editor in 22.60 ms, found 0 plugins.
Preloading 0 native plugins for Editor in 0.00 ms.
Mono: successfully reloaded assembly
- Completed reload, in  2.037 seconds
Platform modules already initialized, skipping
Registering precompiled user dll's ...
Registered in 0.001238 seconds.
Begin MonoManager ReloadAssembly
Native extension for WindowsStandalone target not found
Refreshing native plugins compatible for Editor in 0.22 ms, found 0 plugins.
Preloading 0 native plugins for Editor in 0.00 ms.
Mono: successfully reloaded assembly
- Completed reload, in  0.763 seconds
Platform modules already initialized, skipping
========================================================================
Worker process is ready to serve import requests
Launched and connected shader compiler UnityShaderCompiler.exe after 0.04 seconds
Refreshing native plugins compatible for Editor in 0.21 ms, found 0 plugins.
Preloading 0 native plugins for Editor in 0.00 ms.
Unloading 1121 Unused Serialized files (Serialized files now loaded: 0)
System memory in use before: 60.0 MB.
System memory in use after: 60.0 MB.

Unloading 11 unused Assets to reduce memory usage. Loaded Objects now: 1563.
Total: 2.222000 ms (FindLiveObjects: 0.412600 ms CreateObjectMapping: 0.050800 ms MarkObjects: 1.679000 ms  DeleteObjects: 0.078100 ms)

========================================================================
Received Import Request.
  path: Assets/Scripts/LoadControl.cs
  artifactKey: Guid(b05765fc2a1fbc3498b6e4f4484689e4) Importer(815301076,1909f56bfc062723c751e8b465ee728b)
Start importing Assets/Scripts/LoadControl.cs using Guid(b05765fc2a1fbc3498b6e4f4484689e4) Importer(815301076,1909f56bfc062723c751e8b465ee728b)  -> (artifact id: 'a2342f7b393550fb64a8caf89e686d94') in 0.035323 seconds
  Import took 0.038120 seconds .

========================================================================
Received Import Request.
  Time since last request: 738.827039 seconds.
  path: Assets/Scripts/LoadControl.cs
  artifactKey: Guid(b05765fc2a1fbc3498b6e4f4484689e4) Importer(815301076,1909f56bfc062723c751e8b465ee728b)
Start importing Assets/Scripts/LoadControl.cs using Guid(b05765fc2a1fbc3498b6e4f4484689e4) Importer(815301076,1909f56bfc062723c751e8b465ee728b)  -> (artifact id: '084aa3616b9e141fbfe1e3faca7dc208') in 0.003620 seconds
  Import took 0.007664 seconds .

========================================================================
Received Import Request.
  Time since last request: 16.118705 seconds.
  path: Assets/Scripts/LoadControl.cs
  artifactKey: Guid(b05765fc2a1fbc3498b6e4f4484689e4) Importer(815301076,1909f56bfc062723c751e8b465ee728b)
Start importing Assets/Scripts/LoadControl.cs using Guid(b05765fc2a1fbc3498b6e4f4484689e4) Importer(815301076,1909f56bfc062723c751e8b465ee728b)  -> (artifact id: 'f6a8061aea337becc5bcbb710b2f13dc') in 0.003472 seconds
  Import took 0.006896 seconds .

========================================================================
Received Import Request.
  Time since last request: 20.923688 seconds.
  path: Assets/Scripts/LoadControl.cs
  artifactKey: Guid(b05765fc2a1fbc3498b6e4f4484689e4) Importer(815301076,1909f56bfc062723c751e8b465ee728b)
Start importing Assets/Scripts/LoadControl.cs using Guid(b05765fc2a1fbc3498b6e4f4484689e4) Importer(815301076,1909f56bfc062723c751e8b465ee728b)  -> (artifact id: '358930d6d1114a342af342574bfe4e84') in 0.002894 seconds
  Import took 0.006356 seconds .

========================================================================
Received Prepare
Registering precompiled user dll's ...
Registered in 0.001135 seconds.
Begin MonoManager ReloadAssembly
Native extension for WindowsStandalone target not found
Refreshing native plugins compatible for Editor in 0.23 ms, found 0 plugins.
Preloading 0 native plugins for Editor in 0.00 ms.
Mono: successfully reloaded assembly
- Completed reload, in  0.745 seconds
Platform modules already initialized, skipping
Refreshing native plugins compatible for Editor in 0.22 ms, found 0 plugins.
Preloading 0 native plugins for Editor in 0.00 ms.
Unloading 1116 Unused Serialized files (Serialized files now loaded: 0)
System memory in use before: 59.9 MB.
System memory in use after: 60.0 MB.

Unloading 6 unused Assets to reduce memory usage. Loaded Objects now: 1566.
Total: 2.403700 ms (FindLiveObjects: 0.412700 ms CreateObjectMapping: 0.098900 ms MarkObjects: 1.829400 ms  DeleteObjects: 0.060500 ms)

========================================================================
Received Import Request.
  Time since last request: 19.530028 seconds.
  path: Assets/Scripts/LoadControl.cs
  artifactKey: Guid(b05765fc2a1fbc3498b6e4f4484689e4) Importer(815301076,1909f56bfc062723c751e8b465ee728b)
Start importing Assets/Scripts/LoadControl.cs using Guid(b05765fc2a1fbc3498b6e4f4484689e4) Importer(815301076,1909f56bfc062723c751e8b465ee728b)  -> (artifact id: '82752e486025efb803a73d2df12ebf86') in 0.006912 seconds
  Import took 0.008968 seconds .

========================================================================
Received Prepare
Registering precompiled user dll's ...
Registered in 0.001134 seconds.
Begin MonoManager ReloadAssembly
Native extension for WindowsStandalone target not found
Refreshing native plugins compatible for Editor in 0.23 ms, found 0 plugins.
Preloading 0 native plugins for Editor in 0.00 ms.
Mono: successfully reloaded assembly
- Completed reload, in  0.769 seconds
Platform modules already initialized, skipping
Refreshing native plugins compatible for Editor in 0.23 ms, found 0 plugins.
Preloading 0 native plugins for Editor in 0.00 ms.
Unloading 1116 Unused Serialized files (Serialized files now loaded: 0)
System memory in use before: 59.9 MB.
System memory in use after: 60.0 MB.

Unloading 6 unused Assets to reduce memory usage. Loaded Objects now: 1569.
Total: 2.660300 ms (FindLiveObjects: 0.275000 ms CreateObjectMapping: 0.073100 ms MarkObjects: 2.252800 ms  DeleteObjects: 0.057600 ms)

========================================================================
Received Import Request.
  Time since last request: 55.877522 seconds.
  path: Assets/Scripts/LoadControl.cs
  artifactKey: Guid(b05765fc2a1fbc3498b6e4f4484689e4) Importer(815301076,1909f56bfc062723c751e8b465ee728b)
Start importing Assets/Scripts/LoadControl.cs using Guid(b05765fc2a1fbc3498b6e4f4484689e4) Importer(815301076,1909f56bfc062723c751e8b465ee728b)  -> (artifact id: 'd99367bc55df7d9d1a64f1518f1320a7') in 0.004925 seconds
  Import took 0.010707 seconds .

========================================================================
Received Import Request.
  Time since last request: 3.629220 seconds.
  path: Assets/Scenes/Load.unity
  artifactKey: Guid(1d00596200188974b81851ed1194d8a4) Importer(815301076,1909f56bfc062723c751e8b465ee728b)
Start importing Assets/Scenes/Load.unity using Guid(1d00596200188974b81851ed1194d8a4) Importer(815301076,1909f56bfc062723c751e8b465ee728b)  -> (artifact id: 'cab9f91e735716d4077997208bfe1c5a') in 0.013813 seconds
  Import took 0.016731 seconds .

========================================================================
Received Prepare
Registering precompiled user dll's ...
Registered in 0.001793 seconds.
Begin MonoManager ReloadAssembly
Native extension for WindowsStandalone target not found
Refreshing native plugins compatible for Editor in 0.24 ms, found 0 plugins.
Preloading 0 native plugins for Editor in 0.00 ms.
Mono: successfully reloaded assembly
- Completed reload, in  0.745 seconds
Platform modules already initialized, skipping
Refreshing native plugins compatible for Editor in 0.25 ms, found 0 plugins.
Preloading 0 native plugins for Editor in 0.00 ms.
Unloading 1116 Unused Serialized files (Serialized files now loaded: 0)
System memory in use before: 59.9 MB.
System memory in use after: 60.0 MB.

Unloading 6 unused Assets to reduce memory usage. Loaded Objects now: 1572.
Total: 2.352500 ms (FindLiveObjects: 0.297100 ms CreateObjectMapping: 0.069100 ms MarkObjects: 1.919600 ms  DeleteObjects: 0.063700 ms)

========================================================================
Received Prepare
Registering precompiled user dll's ...
Registered in 0.001318 seconds.
Begin MonoManager ReloadAssembly
Native extension for WindowsStandalone target not found
Refreshing native plugins compatible for Editor in 0.23 ms, found 0 plugins.
Preloading 0 native plugins for Editor in 0.00 ms.
Mono: successfully reloaded assembly
- Completed reload, in  0.732 seconds
Platform modules already initialized, skipping
Refreshing native plugins compatible for Editor in 0.23 ms, found 0 plugins.
Preloading 0 native plugins for Editor in 0.00 ms.
Unloading 1116 Unused Serialized files (Serialized files now loaded: 0)
System memory in use before: 60.0 MB.
System memory in use after: 60.0 MB.

Unloading 6 unused Assets to reduce memory usage. Loaded Objects now: 1575.
Total: 2.076000 ms (FindLiveObjects: 0.310400 ms CreateObjectMapping: 0.128300 ms MarkObjects: 1.572600 ms  DeleteObjects: 0.063200 ms)

========================================================================
Received Prepare
Registering precompiled user dll's ...
Registered in 0.001814 seconds.
Begin MonoManager ReloadAssembly
Native extension for WindowsStandalone target not found
Refreshing native plugins compatible for Editor in 0.25 ms, found 0 plugins.
Preloading 0 native plugins for Editor in 0.00 ms.
Mono: successfully reloaded assembly
- Completed reload, in  0.856 seconds
Platform modules already initialized, skipping
Refreshing native plugins compatible for Editor in 0.23 ms, found 0 plugins.
Preloading 0 native plugins for Editor in 0.00 ms.
Unloading 1116 Unused Serialized files (Serialized files now loaded: 0)
System memory in use before: 60.0 MB.
System memory in use after: 60.0 MB.

Unloading 6 unused Assets to reduce memory usage. Loaded Objects now: 1578.
Total: 2.529500 ms (FindLiveObjects: 0.175200 ms CreateObjectMapping: 0.028800 ms MarkObjects: 2.221500 ms  DeleteObjects: 0.101600 ms)

========================================================================
Received Prepare
Registering precompiled user dll's ...
Registered in 0.002034 seconds.
Begin MonoManager ReloadAssembly
Native extension for WindowsStandalone target not found
Refreshing native plugins compatible for Editor in 0.26 ms, found 0 plugins.
Preloading 0 native plugins for Editor in 0.00 ms.
Mono: successfully reloaded assembly
- Completed reload, in  0.818 seconds
Platform modules already initialized, skipping
Refreshing native plugins compatible for Editor in 0.23 ms, found 0 plugins.
Preloading 0 native plugins for Editor in 0.00 ms.
Unloading 1116 Unused Serialized files (Serialized files now loaded: 0)
System memory in use before: 60.0 MB.
System memory in use after: 60.0 MB.

Unloading 6 unused Assets to reduce memory usage. Loaded Objects now: 1581.
Total: 2.537100 ms (FindLiveObjects: 0.289200 ms CreateObjectMapping: 0.068200 ms MarkObjects: 2.113600 ms  DeleteObjects: 0.063500 ms)

========================================================================
Received Prepare
Registering precompiled user dll's ...
Registered in 0.001588 seconds.
Begin MonoManager ReloadAssembly
Native extension for WindowsStandalone target not found
Refreshing native plugins compatible for Editor in 0.26 ms, found 0 plugins.
Preloading 0 native plugins for Editor in 0.00 ms.
Mono: successfully reloaded assembly
- Completed reload, in  0.776 seconds
Platform modules already initialized, skipping
Refreshing native plugins compatible for Editor in 0.22 ms, found 0 plugins.
Preloading 0 native plugins for Editor in 0.00 ms.
Unloading 1116 Unused Serialized files (Serialized files now loaded: 0)
System memory in use before: 60.0 MB.
System memory in use after: 60.0 MB.

Unloading 6 unused Assets to reduce memory usage. Loaded Objects now: 1584.
Total: 2.421100 ms (FindLiveObjects: 0.269000 ms CreateObjectMapping: 0.068600 ms MarkObjects: 2.018100 ms  DeleteObjects: 0.062100 ms)

========================================================================
Received Prepare
Registering precompiled user dll's ...
Registered in 0.001165 seconds.
Begin MonoManager ReloadAssembly
Native extension for WindowsStandalone target not found
Refreshing native plugins compatible for Editor in 0.23 ms, found 0 plugins.
Preloading 0 native plugins for Editor in 0.00 ms.
Mono: successfully reloaded assembly
- Completed reload, in  0.762 seconds
Platform modules already initialized, skipping
Refreshing native plugins compatible for Editor in 0.22 ms, found 0 plugins.
Preloading 0 native plugins for Editor in 0.00 ms.
Unloading 1116 Unused Serialized files (Serialized files now loaded: 0)
System memory in use before: 60.0 MB.
System memory in use after: 60.1 MB.

Unloading 6 unused Assets to reduce memory usage. Loaded Objects now: 1587.
Total: 2.725800 ms (FindLiveObjects: 0.269600 ms CreateObjectMapping: 0.066800 ms MarkObjects: 2.321000 ms  DeleteObjects: 0.065900 ms)

========================================================================
Received Prepare
Registering precompiled user dll's ...
Registered in 0.001995 seconds.
Begin MonoManager ReloadAssembly
Native extension for WindowsStandalone target not found
Refreshing native plugins compatible for Editor in 0.24 ms, found 0 plugins.
Preloading 0 native plugins for Editor in 0.00 ms.
Mono: successfully reloaded assembly
- Completed reload, in  0.742 seconds
Platform modules already initialized, skipping
Refreshing native plugins compatible for Editor in 0.22 ms, found 0 plugins.
Preloading 0 native plugins for Editor in 0.00 ms.
Unloading 1116 Unused Serialized files (Serialized files now loaded: 0)
System memory in use before: 60.0 MB.
System memory in use after: 60.1 MB.

Unloading 6 unused Assets to reduce memory usage. Loaded Objects now: 1590.
Total: 4.906100 ms (FindLiveObjects: 0.378900 ms CreateObjectMapping: 0.081700 ms MarkObjects: 4.363300 ms  DeleteObjects: 0.079500 ms)

========================================================================
Received Prepare
Registering precompiled user dll's ...
Registered in 0.001157 seconds.
Begin MonoManager ReloadAssembly
Native extension for WindowsStandalone target not found
Refreshing native plugins compatible for Editor in 0.23 ms, found 0 plugins.
Preloading 0 native plugins for Editor in 0.00 ms.
Mono: successfully reloaded assembly
- Completed reload, in  0.750 seconds
Platform modules already initialized, skipping
Refreshing native plugins compatible for Editor in 0.22 ms, found 0 plugins.
Preloading 0 native plugins for Editor in 0.00 ms.
Unloading 1116 Unused Serialized files (Serialized files now loaded: 0)
System memory in use before: 60.0 MB.
System memory in use after: 60.1 MB.

Unloading 6 unused Assets to reduce memory usage. Loaded Objects now: 1593.
Total: 2.165600 ms (FindLiveObjects: 0.211700 ms CreateObjectMapping: 0.057200 ms MarkObjects: 1.833800 ms  DeleteObjects: 0.061300 ms)

========================================================================
Received Prepare
Registering precompiled user dll's ...
Registered in 0.001146 seconds.
Begin MonoManager ReloadAssembly
Native extension for WindowsStandalone target not found
Refreshing native plugins compatible for Editor in 0.24 ms, found 0 plugins.
Preloading 0 native plugins for Editor in 0.00 ms.
Mono: successfully reloaded assembly
- Completed reload, in  0.730 seconds
Platform modules already initialized, skipping
Refreshing native plugins compatible for Editor in 0.23 ms, found 0 plugins.
Preloading 0 native plugins for Editor in 0.00 ms.
Unloading 1116 Unused Serialized files (Serialized files now loaded: 0)
System memory in use before: 60.0 MB.
System memory in use after: 60.1 MB.

Unloading 6 unused Assets to reduce memory usage. Loaded Objects now: 1596.
Total: 2.532100 ms (FindLiveObjects: 0.281100 ms CreateObjectMapping: 0.062700 ms MarkObjects: 2.123400 ms  DeleteObjects: 0.063200 ms)

========================================================================
Received Prepare
Registering precompiled user dll's ...
Registered in 0.001477 seconds.
Begin MonoManager ReloadAssembly
Native extension for WindowsStandalone target not found
Refreshing native plugins compatible for Editor in 0.35 ms, found 0 plugins.
Preloading 0 native plugins for Editor in 0.00 ms.
Mono: successfully reloaded assembly
- Completed reload, in  0.770 seconds
Platform modules already initialized, skipping
Refreshing native plugins compatible for Editor in 0.24 ms, found 0 plugins.
Preloading 0 native plugins for Editor in 0.00 ms.
Unloading 1116 Unused Serialized files (Serialized files now loaded: 0)
System memory in use before: 60.1 MB.
System memory in use after: 60.1 MB.

Unloading 6 unused Assets to reduce memory usage. Loaded Objects now: 1599.
Total: 2.816700 ms (FindLiveObjects: 0.280400 ms CreateObjectMapping: 0.070600 ms MarkObjects: 2.400800 ms  DeleteObjects: 0.062100 ms)

========================================================================
Received Prepare
Registering precompiled user dll's ...
Registered in 0.002026 seconds.
Begin MonoManager ReloadAssembly
Native extension for WindowsStandalone target not found
Refreshing native plugins compatible for Editor in 0.23 ms, found 0 plugins.
Preloading 0 native plugins for Editor in 0.00 ms.
Mono: successfully reloaded assembly
- Completed reload, in  0.840 seconds
Platform modules already initialized, skipping
Refreshing native plugins compatible for Editor in 0.25 ms, found 0 plugins.
Preloading 0 native plugins for Editor in 0.00 ms.
Unloading 1116 Unused Serialized files (Serialized files now loaded: 0)
System memory in use before: 60.1 MB.
System memory in use after: 60.1 MB.

Unloading 6 unused Assets to reduce memory usage. Loaded Objects now: 1602.
Total: 2.234600 ms (FindLiveObjects: 0.304200 ms CreateObjectMapping: 0.041800 ms MarkObjects: 1.811900 ms  DeleteObjects: 0.074900 ms)

========================================================================
Received Prepare
Registering precompiled user dll's ...
Registered in 0.001191 seconds.
Begin MonoManager ReloadAssembly
Native extension for WindowsStandalone target not found
Refreshing native plugins compatible for Editor in 0.22 ms, found 0 plugins.
Preloading 0 native plugins for Editor in 0.00 ms.
Mono: successfully reloaded assembly
- Completed reload, in  0.752 seconds
Platform modules already initialized, skipping
Refreshing native plugins compatible for Editor in 0.23 ms, found 0 plugins.
Preloading 0 native plugins for Editor in 0.00 ms.
Unloading 1116 Unused Serialized files (Serialized files now loaded: 0)
System memory in use before: 60.1 MB.
System memory in use after: 60.1 MB.

Unloading 6 unused Assets to reduce memory usage. Loaded Objects now: 1605.
Total: 1.752000 ms (FindLiveObjects: 0.171300 ms CreateObjectMapping: 0.028400 ms MarkObjects: 1.476500 ms  DeleteObjects: 0.074500 ms)

========================================================================
Received Prepare
Registering precompiled user dll's ...
Registered in 0.001197 seconds.
Begin MonoManager ReloadAssembly
Native extension for WindowsStandalone target not found
Refreshing native plugins compatible for Editor in 0.23 ms, found 0 plugins.
Preloading 0 native plugins for Editor in 0.00 ms.
Mono: successfully reloaded assembly
- Completed reload, in  0.859 seconds
Platform modules already initialized, skipping
Refreshing native plugins compatible for Editor in 0.22 ms, found 0 plugins.
Preloading 0 native plugins for Editor in 0.00 ms.
Unloading 1116 Unused Serialized files (Serialized files now loaded: 0)
System memory in use before: 60.1 MB.
System memory in use after: 60.1 MB.

Unloading 6 unused Assets to reduce memory usage. Loaded Objects now: 1608.
Total: 2.101600 ms (FindLiveObjects: 0.197200 ms CreateObjectMapping: 0.027900 ms MarkObjects: 1.812700 ms  DeleteObjects: 0.062500 ms)

========================================================================
Received Prepare
Registering precompiled user dll's ...
Registered in 0.001288 seconds.
Begin MonoManager ReloadAssembly
Native extension for WindowsStandalone target not found
Refreshing native plugins compatible for Editor in 0.22 ms, found 0 plugins.
Preloading 0 native plugins for Editor in 0.00 ms.
Mono: successfully reloaded assembly
- Completed reload, in  0.736 seconds
Platform modules already initialized, skipping
Refreshing native plugins compatible for Editor in 0.22 ms, found 0 plugins.
Preloading 0 native plugins for Editor in 0.00 ms.
Unloading 1116 Unused Serialized files (Serialized files now loaded: 0)
System memory in use before: 60.1 MB.
System memory in use after: 60.1 MB.

Unloading 6 unused Assets to reduce memory usage. Loaded Objects now: 1611.
Total: 1.655500 ms (FindLiveObjects: 0.154300 ms CreateObjectMapping: 0.026600 ms MarkObjects: 1.411900 ms  DeleteObjects: 0.061500 ms)

========================================================================
Received Import Request.
  Time since last request: 3722.554309 seconds.
  path: Assets/Scripts/Scriptable Objects/API.asset
  artifactKey: Guid(0dff8ecf9b472794385efe6ddbae3520) Importer(815301076,1909f56bfc062723c751e8b465ee728b)
Start importing Assets/Scripts/Scriptable Objects/API.asset using Guid(0dff8ecf9b472794385efe6ddbae3520) Importer(815301076,1909f56bfc062723c751e8b465ee728b)  -> (artifact id: '2f79ee45d23a91c4e901404f2d3c8554') in 0.018613 seconds
  Import took 0.020716 seconds .

========================================================================
Received Prepare
Registering precompiled user dll's ...
Registered in 0.001148 seconds.
Begin MonoManager ReloadAssembly
Native extension for WindowsStandalone target not found
Refreshing native plugins compatible for Editor in 0.23 ms, found 0 plugins.
Preloading 0 native plugins for Editor in 0.00 ms.
Mono: successfully reloaded assembly
- Completed reload, in  0.783 seconds
Platform modules already initialized, skipping
Refreshing native plugins compatible for Editor in 0.26 ms, found 0 plugins.
Preloading 0 native plugins for Editor in 0.00 ms.
Unloading 1116 Unused Serialized files (Serialized files now loaded: 0)
System memory in use before: 60.1 MB.
System memory in use after: 60.2 MB.

Unloading 6 unused Assets to reduce memory usage. Loaded Objects now: 1614.
Total: 2.303200 ms (FindLiveObjects: 0.184800 ms CreateObjectMapping: 0.026200 ms MarkObjects: 1.991800 ms  DeleteObjects: 0.098800 ms)

========================================================================
Received Prepare
Registering precompiled user dll's ...
Registered in 0.001130 seconds.
Begin MonoManager ReloadAssembly
Native extension for WindowsStandalone target not found
Refreshing native plugins compatible for Editor in 0.26 ms, found 0 plugins.
Preloading 0 native plugins for Editor in 0.00 ms.
Mono: successfully reloaded assembly
- Completed reload, in  0.746 seconds
Platform modules already initialized, skipping
Refreshing native plugins compatible for Editor in 0.22 ms, found 0 plugins.
Preloading 0 native plugins for Editor in 0.00 ms.
Unloading 1116 Unused Serialized files (Serialized files now loaded: 0)
System memory in use before: 60.1 MB.
System memory in use after: 60.2 MB.

Unloading 6 unused Assets to reduce memory usage. Loaded Objects now: 1617.
Total: 2.719800 ms (FindLiveObjects: 0.273400 ms CreateObjectMapping: 0.053800 ms MarkObjects: 2.320300 ms  DeleteObjects: 0.069900 ms)

========================================================================
Received Prepare
Registering precompiled user dll's ...
Registered in 0.002084 seconds.
Begin MonoManager ReloadAssembly
Native extension for WindowsStandalone target not found
Refreshing native plugins compatible for Editor in 0.24 ms, found 0 plugins.
Preloading 0 native plugins for Editor in 0.00 ms.
Mono: successfully reloaded assembly
- Completed reload, in  0.785 seconds
Platform modules already initialized, skipping
Refreshing native plugins compatible for Editor in 0.24 ms, found 0 plugins.
Preloading 0 native plugins for Editor in 0.00 ms.
Unloading 1116 Unused Serialized files (Serialized files now loaded: 0)
System memory in use before: 60.1 MB.
System memory in use after: 60.2 MB.

Unloading 6 unused Assets to reduce memory usage. Loaded Objects now: 1620.
Total: 2.269000 ms (FindLiveObjects: 0.439500 ms CreateObjectMapping: 0.055900 ms MarkObjects: 1.710700 ms  DeleteObjects: 0.060800 ms)

========================================================================
Received Import Request.
  Time since last request: 339.256649 seconds.
  path: Assets/Scripts/LoadControl.cs
  artifactKey: Guid(b05765fc2a1fbc3498b6e4f4484689e4) Importer(815301076,1909f56bfc062723c751e8b465ee728b)
Start importing Assets/Scripts/LoadControl.cs using Guid(b05765fc2a1fbc3498b6e4f4484689e4) Importer(815301076,1909f56bfc062723c751e8b465ee728b)  -> (artifact id: 'e8008e79aa952d22a51a8d331a25e57d') in 0.005397 seconds
  Import took 0.008540 seconds .

========================================================================
Received Import Request.
  Time since last request: 0.005977 seconds.
  path: Assets/Scripts/LoadControl.cs
  artifactKey: Guid(b05765fc2a1fbc3498b6e4f4484689e4) Importer(815301076,1909f56bfc062723c751e8b465ee728b)
Start importing Assets/Scripts/LoadControl.cs using Guid(b05765fc2a1fbc3498b6e4f4484689e4) Importer(815301076,1909f56bfc062723c751e8b465ee728b)  -> (artifact id: 'e8008e79aa952d22a51a8d331a25e57d') in 0.002772 seconds
  Import took 0.005790 seconds .

========================================================================
Received Import Request.
  Time since last request: 2.202862 seconds.
  path: Assets/Scripts/StockList.cs
  artifactKey: Guid(a7cdacd261d9b3b4cbf0b8e90ecd989f) Importer(815301076,1909f56bfc062723c751e8b465ee728b)
Start importing Assets/Scripts/StockList.cs using Guid(a7cdacd261d9b3b4cbf0b8e90ecd989f) Importer(815301076,1909f56bfc062723c751e8b465ee728b)  -> (artifact id: '7e93bc4321189725eb7ae35913dcc497') in 0.008667 seconds
  Import took 0.013271 seconds .

========================================================================
Received Import Request.
  Time since last request: 0.001545 seconds.
  path: Assets/Scripts/StockList.cs
  artifactKey: Guid(a7cdacd261d9b3b4cbf0b8e90ecd989f) Importer(815301076,1909f56bfc062723c751e8b465ee728b)
Start importing Assets/Scripts/StockList.cs using Guid(a7cdacd261d9b3b4cbf0b8e90ecd989f) Importer(815301076,1909f56bfc062723c751e8b465ee728b)  -> (artifact id: '7e93bc4321189725eb7ae35913dcc497') in 0.002913 seconds
  Import took 0.004980 seconds .

========================================================================
Received Import Request.
  Time since last request: 7.170643 seconds.
  path: Assets/Scripts/InGameControl.cs
  artifactKey: Guid(591f4254b19a67245b761f0776682906) Importer(815301076,1909f56bfc062723c751e8b465ee728b)
Start importing Assets/Scripts/InGameControl.cs using Guid(591f4254b19a67245b761f0776682906) Importer(815301076,1909f56bfc062723c751e8b465ee728b)  -> (artifact id: '6d8166aa1cbf2162173a663c82e512a0') in 0.007420 seconds
  Import took 0.009774 seconds .

========================================================================
Received Import Request.
  Time since last request: 0.002027 seconds.
  path: Assets/Scripts/InGameControl.cs
  artifactKey: Guid(591f4254b19a67245b761f0776682906) Importer(815301076,1909f56bfc062723c751e8b465ee728b)
Start importing Assets/Scripts/InGameControl.cs using Guid(591f4254b19a67245b761f0776682906) Importer(815301076,1909f56bfc062723c751e8b465ee728b)  -> (artifact id: '6d8166aa1cbf2162173a663c82e512a0') in 0.003028 seconds
  Import took 0.005364 seconds .

========================================================================
Received Import Request.
  Time since last request: 0.968778 seconds.
  path: Assets/Scripts/MainMenuControl.cs
  artifactKey: Guid(00395a0a38096af429b19e40f87a78f2) Importer(815301076,1909f56bfc062723c751e8b465ee728b)
Start importing Assets/Scripts/MainMenuControl.cs using Guid(00395a0a38096af429b19e40f87a78f2) Importer(815301076,1909f56bfc062723c751e8b465ee728b)  -> (artifact id: '9987152347861b9a8d2e2e80fa4ffdfa') in 0.008126 seconds
  Import took 0.011276 seconds .

========================================================================
Received Import Request.
  Time since last request: 0.002100 seconds.
  path: Assets/Scripts/MainMenuControl.cs
  artifactKey: Guid(00395a0a38096af429b19e40f87a78f2) Importer(815301076,1909f56bfc062723c751e8b465ee728b)
Start importing Assets/Scripts/MainMenuControl.cs using Guid(00395a0a38096af429b19e40f87a78f2) Importer(815301076,1909f56bfc062723c751e8b465ee728b)  -> (artifact id: '9987152347861b9a8d2e2e80fa4ffdfa') in 0.003048 seconds
  Import took 0.005024 seconds .

========================================================================
Received Prepare
Registering precompiled user dll's ...
Registered in 0.002485 seconds.
Begin MonoManager ReloadAssembly
Native extension for WindowsStandalone target not found
Refreshing native plugins compatible for Editor in 0.24 ms, found 0 plugins.
Preloading 0 native plugins for Editor in 0.00 ms.
Mono: successfully reloaded assembly
- Completed reload, in  0.764 seconds
Platform modules already initialized, skipping
Refreshing native plugins compatible for Editor in 0.22 ms, found 0 plugins.
Preloading 0 native plugins for Editor in 0.00 ms.
Unloading 1116 Unused Serialized files (Serialized files now loaded: 0)
System memory in use before: 60.1 MB.
System memory in use after: 60.2 MB.

Unloading 6 unused Assets to reduce memory usage. Loaded Objects now: 1623.
Total: 2.094100 ms (FindLiveObjects: 0.354800 ms CreateObjectMapping: 0.071200 ms MarkObjects: 1.606300 ms  DeleteObjects: 0.058600 ms)

========================================================================
Received Import Request.
  Time since last request: 44.023918 seconds.
  path: Assets/Scripts/MainMenuControl.cs
  artifactKey: Guid(00395a0a38096af429b19e40f87a78f2) Importer(815301076,1909f56bfc062723c751e8b465ee728b)
Start importing Assets/Scripts/MainMenuControl.cs using Guid(00395a0a38096af429b19e40f87a78f2) Importer(815301076,1909f56bfc062723c751e8b465ee728b)  -> (artifact id: '6fb979d0f8fc82ee12e8cfc176efe435') in 0.005221 seconds
  Import took 0.008059 seconds .

========================================================================
Received Prepare
Registering precompiled user dll's ...
Registered in 0.002132 seconds.
Begin MonoManager ReloadAssembly
Native extension for WindowsStandalone target not found
Refreshing native plugins compatible for Editor in 0.43 ms, found 0 plugins.
Preloading 0 native plugins for Editor in 0.00 ms.
Mono: successfully reloaded assembly
- Completed reload, in  1.022 seconds
Platform modules already initialized, skipping
Refreshing native plugins compatible for Editor in 0.47 ms, found 0 plugins.
Preloading 0 native plugins for Editor in 0.00 ms.
Unloading 1116 Unused Serialized files (Serialized files now loaded: 0)
System memory in use before: 60.1 MB.
System memory in use after: 60.2 MB.

Unloading 6 unused Assets to reduce memory usage. Loaded Objects now: 1626.
Total: 3.022500 ms (FindLiveObjects: 0.372800 ms CreateObjectMapping: 0.054000 ms MarkObjects: 2.436200 ms  DeleteObjects: 0.157000 ms)

========================================================================
Received Prepare
Registering precompiled user dll's ...
Registered in 0.001546 seconds.
Begin MonoManager ReloadAssembly
Native extension for WindowsStandalone target not found
Refreshing native plugins compatible for Editor in 0.28 ms, found 0 plugins.
Preloading 0 native plugins for Editor in 0.00 ms.
Mono: successfully reloaded assembly
- Completed reload, in  0.996 seconds
Platform modules already initialized, skipping
Refreshing native plugins compatible for Editor in 0.25 ms, found 0 plugins.
Preloading 0 native plugins for Editor in 0.00 ms.
Unloading 1116 Unused Serialized files (Serialized files now loaded: 0)
System memory in use before: 60.1 MB.
System memory in use after: 60.2 MB.

Unloading 6 unused Assets to reduce memory usage. Loaded Objects now: 1629.
Total: 2.682000 ms (FindLiveObjects: 0.362200 ms CreateObjectMapping: 0.048500 ms MarkObjects: 2.197800 ms  DeleteObjects: 0.071300 ms)

========================================================================
Received Import Request.
  Time since last request: 324.224786 seconds.
  path: Assets/Scripts/Scriptable Objects/API.asset
  artifactKey: Guid(0dff8ecf9b472794385efe6ddbae3520) Importer(815301076,1909f56bfc062723c751e8b465ee728b)
Start importing Assets/Scripts/Scriptable Objects/API.asset using Guid(0dff8ecf9b472794385efe6ddbae3520) Importer(815301076,1909f56bfc062723c751e8b465ee728b)  -> (artifact id: '27d43a95b1b8c9194b3d98866cd45534') in 0.011920 seconds
  Import took 0.015384 seconds .

========================================================================
Received Import Request.
  Time since last request: 3.983890 seconds.
  path: Assets/Scenes/Load.unity
  artifactKey: Guid(1d00596200188974b81851ed1194d8a4) Importer(815301076,1909f56bfc062723c751e8b465ee728b)
Start importing Assets/Scenes/Load.unity using Guid(1d00596200188974b81851ed1194d8a4) Importer(815301076,1909f56bfc062723c751e8b465ee728b)  -> (artifact id: '2a69b121bcb3658115749c965013dace') in 0.003936 seconds
  Import took 0.008383 seconds .

========================================================================
Received Import Request.
  Time since last request: 2.741591 seconds.
  path: Assets/Scenes/InGame.unity
  artifactKey: Guid(9fc0d4010bbf28b4594072e72b8655ab) Importer(815301076,1909f56bfc062723c751e8b465ee728b)
Start importing Assets/Scenes/InGame.unity using Guid(9fc0d4010bbf28b4594072e72b8655ab) Importer(815301076,1909f56bfc062723c751e8b465ee728b)  -> (artifact id: '96288d47943c56c3224b16ea07c88987') in 0.008204 seconds
  Import took 0.014405 seconds .

========================================================================
Received Import Request.
  Time since last request: 4.133271 seconds.
  path: Assets/Scenes/MainMenu.unity
  artifactKey: Guid(b022ef7bf4e0462408cda2034ea5f0bc) Importer(815301076,1909f56bfc062723c751e8b465ee728b)
Start importing Assets/Scenes/MainMenu.unity using Guid(b022ef7bf4e0462408cda2034ea5f0bc) Importer(815301076,1909f56bfc062723c751e8b465ee728b)  -> (artifact id: 'ddd4fcec5d1740b687e99181799cbeee') in 0.008766 seconds
  Import took 0.013695 seconds .

========================================================================
Received Prepare
Registering precompiled user dll's ...
Registered in 0.001578 seconds.
Begin MonoManager ReloadAssembly
Native extension for WindowsStandalone target not found
Refreshing native plugins compatible for Editor in 0.64 ms, found 0 plugins.
Preloading 0 native plugins for Editor in 0.00 ms.
Mono: successfully reloaded assembly
- Completed reload, in  0.947 seconds
Platform modules already initialized, skipping
Refreshing native plugins compatible for Editor in 0.31 ms, found 0 plugins.
Preloading 0 native plugins for Editor in 0.00 ms.
Unloading 1116 Unused Serialized files (Serialized files now loaded: 0)
System memory in use before: 60.1 MB.
System memory in use after: 60.2 MB.

Unloading 6 unused Assets to reduce memory usage. Loaded Objects now: 1632.
Total: 3.117600 ms (FindLiveObjects: 0.427900 ms CreateObjectMapping: 0.111700 ms MarkObjects: 2.435400 ms  DeleteObjects: 0.139900 ms)

========================================================================
Received Prepare
Registering precompiled user dll's ...
Registered in 0.001249 seconds.
Begin MonoManager ReloadAssembly
Native extension for WindowsStandalone target not found
Refreshing native plugins compatible for Editor in 0.26 ms, found 0 plugins.
Preloading 0 native plugins for Editor in 0.00 ms.
Mono: successfully reloaded assembly
- Completed reload, in  0.756 seconds
Platform modules already initialized, skipping
Refreshing native plugins compatible for Editor in 0.32 ms, found 0 plugins.
Preloading 0 native plugins for Editor in 0.00 ms.
Unloading 1116 Unused Serialized files (Serialized files now loaded: 0)
System memory in use before: 60.1 MB.
System memory in use after: 60.2 MB.

Unloading 6 unused Assets to reduce memory usage. Loaded Objects now: 1635.
Total: 2.578200 ms (FindLiveObjects: 0.193400 ms CreateObjectMapping: 0.033100 ms MarkObjects: 2.275300 ms  DeleteObjects: 0.074900 ms)

========================================================================
Received Prepare
Registering precompiled user dll's ...
Registered in 0.001389 seconds.
Begin MonoManager ReloadAssembly
Native extension for WindowsStandalone target not found
Refreshing native plugins compatible for Editor in 0.24 ms, found 0 plugins.
Preloading 0 native plugins for Editor in 0.00 ms.
Mono: successfully reloaded assembly
- Completed reload, in  0.745 seconds
Platform modules already initialized, skipping
Refreshing native plugins compatible for Editor in 0.24 ms, found 0 plugins.
Preloading 0 native plugins for Editor in 0.00 ms.
Unloading 1116 Unused Serialized files (Serialized files now loaded: 0)
System memory in use before: 60.2 MB.
System memory in use after: 60.3 MB.

Unloading 6 unused Assets to reduce memory usage. Loaded Objects now: 1638.
Total: 1.818200 ms (FindLiveObjects: 0.266800 ms CreateObjectMapping: 0.030200 ms MarkObjects: 1.453800 ms  DeleteObjects: 0.065200 ms)

